<?xml version="1.0" encoding="UTF-8"?>
<testsuite name="com.example.board.BoardApplicationTests" tests="1" skipped="0" failures="0" errors="0" timestamp="2025-03-31T19:14:24.518Z" hostname="HAWON" time="1.763">
  <properties/>
  <testcase name="contextLoads()" classname="com.example.board.BoardApplicationTests" time="1.763"/>
  <system-out><![CDATA[04:14:19.841 [Test worker] INFO org.springframework.test.context.support.AnnotationConfigContextLoaderUtils -- Could not detect default configuration classes for test class [com.example.board.BoardApplicationTests]: BoardApplicationTests does not declare any static, non-private, non-final, nested classes annotated with @Configuration.
04:14:20.037 [Test worker] INFO org.springframework.boot.test.context.SpringBootTestContextBootstrapper -- Found @SpringBootConfiguration com.example.board.BoardApplication for test class com.example.board.BoardApplicationTests

  .   ____          _            __ _ _
 /\\ / ___'_ __ _ _(_)_ __  __ _ \ \ \ \
( ( )\___ | '_ | '_| | '_ \/ _` | \ \ \ \
 \\/  ___)| |_)| | | | | || (_| |  ) ) ) )
  '  |____| .__|_| |_|_| |_\__, | / / / /
 =========|_|==============|___/=/_/_/_/

 :: Spring Boot ::                (v3.4.4)

2025-04-01T04:14:20.924+09:00  INFO 19860 --- [    Test worker] c.example.board.BoardApplicationTests    : Starting BoardApplicationTests using Java 17.0.13 with PID 19860 (started by hawon in C:\Users\hawon\Develop\java\board)
2025-04-01T04:14:20.927+09:00  INFO 19860 --- [    Test worker] c.example.board.BoardApplicationTests    : No active profile set, falling back to 1 default profile: "default"
2025-04-01T04:14:24.482+09:00  INFO 19860 --- [    Test worker] c.example.board.BoardApplicationTests    : Started BoardApplicationTests in 4.148 seconds (process running for 6.426)
]]></system-out>
  <system-err><![CDATA[]]></system-err>
</testsuite>
